<?xml version="1.0" encoding="UTF-8"?>
<!-- Generated by org.testng.reporters.JUnitXMLReporter -->
<testsuite ignored="0" hostname="DESKTOP-O8963JD" failures="0" tests="3" name="Default test" time="297.129" errors="0" timestamp="2020-05-17T18:29:34 CEST">
  <testcase classname="SendboxTest.ProductsTest" name="openNewProductPage" time="55.571"/>
  <testcase classname="SendboxTest.ProductsTest" name="createProduct" time="175.707"/>
  <testcase classname="SendboxTest.ProductsTest" name="testUpdatePaintingPrices" time="49.255"/>
</testsuite> <!-- Default test -->
