<?xml version="1.0" encoding="UTF-8"?>
<testng-results ignored="0" total="3" passed="3" failed="0" skipped="0">
  <reporter-output>
  </reporter-output>
  <suite started-at="2020-05-17T18:24:37 CEST" name="Default suite" finished-at="2020-05-17T18:29:34 CEST" duration-ms="297129">
    <groups>
    </groups>
    <test started-at="2020-05-17T18:24:37 CEST" name="Default test" finished-at="2020-05-17T18:29:34 CEST" duration-ms="297129">
      <class name="SendboxTest.ProductsTest">
        <test-method is-config="true" signature="createDriver()[pri:0, instance:SendboxTest.ProductsTest@7219ec67]" started-at="2020-05-17T18:24:37 CEST" name="createDriver" finished-at="2020-05-17T18:24:52 CEST" duration-ms="15200" status="PASS">
          <reporter-output>
          </reporter-output>
        </test-method> <!-- createDriver -->
        <test-method signature="openNewProductPage()[pri:1, instance:SendboxTest.ProductsTest@7219ec67]" started-at="2020-05-17T18:24:52 CEST" name="openNewProductPage" finished-at="2020-05-17T18:25:48 CEST" duration-ms="55571" status="PASS">
          <reporter-output>
          </reporter-output>
        </test-method> <!-- openNewProductPage -->
        <test-method signature="createProduct()[pri:2, instance:SendboxTest.ProductsTest@7219ec67]" started-at="2020-05-17T18:25:48 CEST" name="createProduct" finished-at="2020-05-17T18:28:44 CEST" duration-ms="175707" status="PASS">
          <reporter-output>
          </reporter-output>
        </test-method> <!-- createProduct -->
        <test-method signature="testUpdatePaintingPrices()[pri:3, instance:SendboxTest.ProductsTest@7219ec67]" started-at="2020-05-17T18:28:44 CEST" name="testUpdatePaintingPrices" finished-at="2020-05-17T18:29:33 CEST" duration-ms="49255" status="PASS">
          <reporter-output>
          </reporter-output>
        </test-method> <!-- testUpdatePaintingPrices -->
        <test-method is-config="true" signature="closeDriver()[pri:0, instance:SendboxTest.ProductsTest@7219ec67]" started-at="2020-05-17T18:29:33 CEST" name="closeDriver" finished-at="2020-05-17T18:29:34 CEST" duration-ms="1043" status="PASS">
          <reporter-output>
          </reporter-output>
        </test-method> <!-- closeDriver -->
      </class> <!-- SendboxTest.ProductsTest -->
    </test> <!-- Default test -->
  </suite> <!-- Default suite -->
</testng-results>
